<?xml version="1.0" encoding="UTF-8"?>
<testng-results ignored="0" total="1" passed="1" failed="0" skipped="0">
  <reporter-output>
  </reporter-output>
  <suite started-at="2021-12-18T23:01:18 IST" name="Default suite" finished-at="2021-12-18T23:01:18 IST" duration-ms="312">
    <groups>
    </groups>
    <test started-at="2021-12-18T23:01:18 IST" name="Default test" finished-at="2021-12-18T23:01:18 IST" duration-ms="312">
      <class name="com.crm.git18.smokeTest">
        <test-method signature="m1()[pri:0, instance:com.crm.git18.smokeTest@306cf3ea]" started-at="2021-12-18T23:01:18 IST" name="m1" finished-at="2021-12-18T23:01:18 IST" duration-ms="44" status="PASS">
          <reporter-output>
          </reporter-output>
        </test-method> <!-- m1 -->
      </class> <!-- com.crm.git18.smokeTest -->
    </test> <!-- Default test -->
  </suite> <!-- Default suite -->
</testng-results>
